Using pre-set license
Built from '2021.3/staging' branch; Version is '2021.3.16f1 (4016570cf34f) revision 4200023'; Using compiler version '192829333'; Build Type 'Release'
OS: 'Windows 10  (10.0.19044) 64bit Core' Language: 'en' Physical Memory: 32693 MB
BatchMode: 1, IsHumanControllingUs: 0, StartBugReporterOnCrash: 0, Is64bit: 1, IsPro: 1

COMMAND LINE ARGUMENTS:
C:\Program Files\Unity\Hub\Editor\2021.3.16f1\Editor\Unity.exe
-adb2
-batchMode
-noUpm
-name
AssetImportWorker1
-projectPath
C:/Users/thehe/githubproj/CSCI370Lab3/2D Platformers
-logFile
Logs/AssetImportWorker1.log
-srvPort
58647
Successfully changed project path to: C:/Users/thehe/githubproj/CSCI370Lab3/2D Platformers
C:/Users/thehe/githubproj/CSCI370Lab3/2D Platformers
[UnityMemory] Configuration Parameters - Can be set up in boot.config
    "memorysetup-bucket-allocator-granularity=16"
    "memorysetup-bucket-allocator-bucket-count=8"
    "memorysetup-bucket-allocator-block-size=33554432"
    "memorysetup-bucket-allocator-block-count=8"
    "memorysetup-main-allocator-block-size=16777216"
    "memorysetup-thread-allocator-block-size=16777216"
    "memorysetup-gfx-main-allocator-block-size=16777216"
    "memorysetup-gfx-thread-allocator-block-size=16777216"
    "memorysetup-cache-allocator-block-size=4194304"
    "memorysetup-typetree-allocator-block-size=2097152"
    "memorysetup-profiler-bucket-allocator-granularity=16"
    "memorysetup-profiler-bucket-allocator-bucket-count=8"
    "memorysetup-profiler-bucket-allocator-block-size=33554432"
    "memorysetup-profiler-bucket-allocator-block-count=8"
    "memorysetup-profiler-allocator-block-size=16777216"
    "memorysetup-profiler-editor-allocator-block-size=1048576"
    "memorysetup-temp-allocator-size-main=16777216"
    "memorysetup-job-temp-allocator-block-size=2097152"
    "memorysetup-job-temp-allocator-block-size-background=1048576"
    "memorysetup-job-temp-allocator-reduction-small-platforms=262144"
    "memorysetup-temp-allocator-size-background-worker=32768"
    "memorysetup-temp-allocator-size-job-worker=262144"
    "memorysetup-temp-allocator-size-preload-manager=33554432"
    "memorysetup-temp-allocator-size-nav-mesh-worker=65536"
    "memorysetup-temp-allocator-size-audio-worker=65536"
    "memorysetup-temp-allocator-size-cloud-worker=32768"
    "memorysetup-temp-allocator-size-gi-baking-worker=262144"
    "memorysetup-temp-allocator-size-gfx=262144"
Player connection [31052] Host "[IP] 26.170.250.213 [Port] 0 [Flags] 2 [Guid] 3021399659 [EditorId] 3021399659 [Version] 1048832 [Id] WindowsEditor(7,DESKTOP-94N463V) [Debug] 1 [PackageName] WindowsEditor [ProjectName] Editor" joined multi-casting on [225.0.0.222:54997]...

Player connection [31052] Host "[IP] 26.170.250.213 [Port] 0 [Flags] 2 [Guid] 3021399659 [EditorId] 3021399659 [Version] 1048832 [Id] WindowsEditor(7,DESKTOP-94N463V) [Debug] 1 [PackageName] WindowsEditor [ProjectName] Editor" joined alternative multi-casting on [225.0.0.222:34997]...

Refreshing native plugins compatible for Editor in 91.25 ms, found 4 plugins.
Preloading 0 native plugins for Editor in 0.00 ms.
Initialize engine version: 2021.3.16f1 (4016570cf34f)
[Subsystems] Discovering subsystems at path C:/Program Files/Unity/Hub/Editor/2021.3.16f1/Editor/Data/Resources/UnitySubsystems
[Subsystems] Discovering subsystems at path C:/Users/thehe/githubproj/CSCI370Lab3/2D Platformers/Assets
GfxDevice: creating device client; threaded=0; jobified=0
Direct3D:
    Version:  Direct3D 11.0 [level 11.1]
    Renderer: NVIDIA GeForce RTX 2060 (ID=0x1f08)
    Vendor:   NVIDIA
    VRAM:     5968 MB
    Driver:   31.0.15.2737
Initialize mono
Mono path[0] = 'C:/Program Files/Unity/Hub/Editor/2021.3.16f1/Editor/Data/Managed'
Mono path[1] = 'C:/Program Files/Unity/Hub/Editor/2021.3.16f1/Editor/Data/MonoBleedingEdge/lib/mono/unityjit-win32'
Mono config path = 'C:/Program Files/Unity/Hub/Editor/2021.3.16f1/Editor/Data/MonoBleedingEdge/etc'
Using monoOptions --debugger-agent=transport=dt_socket,embedding=1,server=y,suspend=n,address=127.0.0.1:56400
Begin MonoManager ReloadAssembly
Registering precompiled unity dll's ...
Register platform support module: C:/Program Files/Unity/Hub/Editor/2021.3.16f1/Editor/Data/PlaybackEngines/WebGLSupport/UnityEditor.WebGL.Extensions.dll
Register platform support module: C:/Program Files/Unity/Hub/Editor/2021.3.16f1/Editor/Data/PlaybackEngines/WindowsStandaloneSupport/UnityEditor.WindowsStandalone.Extensions.dll
Registered in 0.008382 seconds.
Native extension for WindowsStandalone target not found
Native extension for WebGL target not found
Refreshing native plugins compatible for Editor in 94.09 ms, found 4 plugins.
Preloading 0 native plugins for Editor in 0.00 ms.
Mono: successfully reloaded assembly
- Completed reload, in  0.640 seconds
Domain Reload Profiling:
	ReloadAssembly (640ms)
		BeginReloadAssembly (74ms)
			ExecutionOrderSort (0ms)
			DisableScriptedObjects (0ms)
			BackupInstance (0ms)
			ReleaseScriptingObjects (0ms)
			CreateAndSetChildDomain (1ms)
		EndReloadAssembly (452ms)
			LoadAssemblies (71ms)
			RebuildTransferFunctionScriptingTraits (0ms)
			SetupTypeCache (103ms)
			ReleaseScriptCaches (0ms)
			RebuildScriptCaches (25ms)
			SetupLoadedEditorAssemblies (274ms)
				LogAssemblyErrors (0ms)
				InitializePlatformSupportModulesInManaged (11ms)
				SetLoadedEditorAssemblies (0ms)
				RefreshPlugins (94ms)
				BeforeProcessingInitializeOnLoad (1ms)
				ProcessInitializeOnLoadAttributes (127ms)
				ProcessInitializeOnLoadMethodAttributes (40ms)
				AfterProcessingInitializeOnLoad (0ms)
				EditorAssembliesLoaded (0ms)
			ExecutionOrderSort2 (0ms)
			AwakeInstancesAfterBackupRestoration (0ms)
Platform modules already initialized, skipping
Registering precompiled user dll's ...
Registered in 0.007819 seconds.
Begin MonoManager ReloadAssembly
Symbol file LoadedFromMemory doesn't match image C:\Users\thehe\githubproj\CSCI370Lab3\2D Platformers\Library\PackageCache\com.unity.visualscripting@1.7.8\Editor\VisualScripting.Core\Dependencies\YamlDotNet\Unity.VisualScripting.YamlDotNet.dll
Symbol file LoadedFromMemory doesn't match image C:\Users\thehe\githubproj\CSCI370Lab3\2D Platformers\Library\PackageCache\com.unity.visualscripting@1.7.8\Editor\VisualScripting.Core\Dependencies\DotNetZip\Unity.VisualScripting.IonicZip.dll
Native extension for WindowsStandalone target not found
Native extension for WebGL target not found
Refreshing native plugins compatible for Editor in 87.29 ms, found 4 plugins.
Preloading 0 native plugins for Editor in 0.00 ms.
Mono: successfully reloaded assembly
- Completed reload, in  1.105 seconds
Domain Reload Profiling:
	ReloadAssembly (1105ms)
		BeginReloadAssembly (102ms)
			ExecutionOrderSort (0ms)
			DisableScriptedObjects (5ms)
			BackupInstance (0ms)
			ReleaseScriptingObjects (0ms)
			CreateAndSetChildDomain (19ms)
		EndReloadAssembly (886ms)
			LoadAssemblies (76ms)
			RebuildTransferFunctionScriptingTraits (0ms)
			SetupTypeCache (241ms)
			ReleaseScriptCaches (1ms)
			RebuildScriptCaches (53ms)
			SetupLoadedEditorAssemblies (470ms)
				LogAssemblyErrors (0ms)
				InitializePlatformSupportModulesInManaged (6ms)
				SetLoadedEditorAssemblies (0ms)
				RefreshPlugins (87ms)
				BeforeProcessingInitializeOnLoad (98ms)
				ProcessInitializeOnLoadAttributes (226ms)
				ProcessInitializeOnLoadMethodAttributes (43ms)
				AfterProcessingInitializeOnLoad (8ms)
				EditorAssembliesLoaded (0ms)
			ExecutionOrderSort2 (0ms)
			AwakeInstancesAfterBackupRestoration (6ms)
Platform modules already initialized, skipping
========================================================================
Worker process is ready to serve import requests
Launched and connected shader compiler UnityShaderCompiler.exe after 0.05 seconds
Refreshing native plugins compatible for Editor in 1.19 ms, found 4 plugins.
Preloading 0 native plugins for Editor in 0.00 ms.
Unloading 4045 Unused Serialized files (Serialized files now loaded: 0)
Unloading 38 unused Assets / (56.1 KB). Loaded Objects now: 4501.
Memory consumption went from 150.6 MB to 150.6 MB.
Total: 3.763800 ms (FindLiveObjects: 0.348400 ms CreateObjectMapping: 0.121700 ms MarkObjects: 3.214200 ms  DeleteObjects: 0.078200 ms)

AssetImportParameters requested are different than current active one (requested -> active):
  custom:video-decoder-ogg-theora: a1e56fd34408186e4bbccfd4996cb3dc -> 
  custom:container-muxer-webm: aa71ff27fc2769a1b78a27578f13a17b -> 
  custom:container-demuxer-webm: 4f35f7cbe854078d1ac9338744f61a02 -> 
  custom:video-encoder-webm-vp8: eb34c28f22e8b96e1ab97ce403110664 -> 
  custom:audio-encoder-webm-vorbis: bf7c407c2cedff20999df2af8eb42d56 -> 
  custom:framework-win-MediaFoundation: 216162199b28c13a410421893ffa2e32 -> 
  custom:container-demuxer-ogg: 62fdf1f143b41e24485cea50d1cbac27 -> 
  custom:video-decoder-webm-vp8: 9c59270c3fd7afecdb556c50c9e8de78 -> 
  custom:audio-decoder-ogg-vorbis: bf7c407c2cedff20999df2af8eb42d56 -> 
========================================================================
Received Import Request.
  Time since last request: 2849234.916656 seconds.
  path: Assets/Scenes/SampleScene.unity
  artifactKey: Guid(2cda990e2423bbf4892e6590ba056729) Importer(815301076,1909f56bfc062723c751e8b465ee728b)
Start importing Assets/Scenes/SampleScene.unity using Guid(2cda990e2423bbf4892e6590ba056729) Importer(815301076,1909f56bfc062723c751e8b465ee728b)  -> (artifact id: 'ed1ec584b86adc936d786dcf072fa9c6') in 0.011875 seconds 
========================================================================
Received Import Request.
  Time since last request: 7785.025022 seconds.
  path: Assets/Scenes/sprites/platform.prefab
  artifactKey: Guid(79032b1e238f831499bc332c834e649b) Importer(815301076,1909f56bfc062723c751e8b465ee728b)
Start importing Assets/Scenes/sprites/platform.prefab using Guid(79032b1e238f831499bc332c834e649b) Importer(815301076,1909f56bfc062723c751e8b465ee728b)  -> (artifact id: '08be844e418c54604382c8f9ead18160') in 0.115907 seconds 
========================================================================
Received Import Request.
  Time since last request: 215.668207 seconds.
  path: Assets/Scenes/sprites/ExampleTiles.png
  artifactKey: Guid(b52fa87d57278e741a4efae5100a21fc) Importer(815301076,1909f56bfc062723c751e8b465ee728b)
Start importing Assets/Scenes/sprites/ExampleTiles.png using Guid(b52fa87d57278e741a4efae5100a21fc) Importer(815301076,1909f56bfc062723c751e8b465ee728b)  -> (artifact id: '292f6e944cb4ed240dacd6b080d88dfa') in 0.019173 seconds 
========================================================================
Received Import Request.
  Time since last request: 277.700374 seconds.
  path: Assets/Scenes/sprites/ExampleTiles_1.asset
  artifactKey: Guid(1bd1e58259630604688ea66970df2548) Importer(815301076,1909f56bfc062723c751e8b465ee728b)
Start importing Assets/Scenes/sprites/ExampleTiles_1.asset using Guid(1bd1e58259630604688ea66970df2548) Importer(815301076,1909f56bfc062723c751e8b465ee728b)  -> (artifact id: 'fd764b578e9599834efd536df4f2b1b0') in 0.015561 seconds 
========================================================================
Received Import Request.
  Time since last request: 0.000027 seconds.
  path: Assets/Scenes/sprites/ExampleTiles_35.asset
  artifactKey: Guid(7b9817fb1df385047873fa48e465aa0a) Importer(815301076,1909f56bfc062723c751e8b465ee728b)
Start importing Assets/Scenes/sprites/ExampleTiles_35.asset using Guid(7b9817fb1df385047873fa48e465aa0a) Importer(815301076,1909f56bfc062723c751e8b465ee728b)  -> (artifact id: '6e45db56a342632dcbe77b1e08cede59') in 0.010301 seconds 
========================================================================
Received Import Request.
  Time since last request: 0.000018 seconds.
  path: Assets/Scenes/sprites/ExampleTiles_52.asset
  artifactKey: Guid(5f648b0d4f7f9bd458b3e789d24bc71f) Importer(815301076,1909f56bfc062723c751e8b465ee728b)
Start importing Assets/Scenes/sprites/ExampleTiles_52.asset using Guid(5f648b0d4f7f9bd458b3e789d24bc71f) Importer(815301076,1909f56bfc062723c751e8b465ee728b)  -> (artifact id: 'a04045f82db5cccfe319d230f9c79ea4') in 0.009302 seconds 
========================================================================
Received Import Request.
  Time since last request: 0.000028 seconds.
  path: Assets/Scenes/sprites/ExampleTiles_62.asset
  artifactKey: Guid(6072fe7be2f40184fa314b8833b1317b) Importer(815301076,1909f56bfc062723c751e8b465ee728b)
Start importing Assets/Scenes/sprites/ExampleTiles_62.asset using Guid(6072fe7be2f40184fa314b8833b1317b) Importer(815301076,1909f56bfc062723c751e8b465ee728b)  -> (artifact id: 'b7d2950bb4e008146ff375c6f9e9b4cd') in 0.010037 seconds 
========================================================================
Received Import Request.
  Time since last request: 0.000023 seconds.
  path: Assets/Scenes/sprites/ExampleTiles_73.asset
  artifactKey: Guid(8fa35620f70743f489a545082982b014) Importer(815301076,1909f56bfc062723c751e8b465ee728b)
Start importing Assets/Scenes/sprites/ExampleTiles_73.asset using Guid(8fa35620f70743f489a545082982b014) Importer(815301076,1909f56bfc062723c751e8b465ee728b)  -> (artifact id: '78d42f637f729dce2000ce29a640d99e') in 0.012741 seconds 
========================================================================
Received Import Request.
  Time since last request: 0.000023 seconds.
  path: Assets/Scenes/sprites/ExampleTiles_50.asset
  artifactKey: Guid(111e4c7793c810b44a58f81e9d269458) Importer(815301076,1909f56bfc062723c751e8b465ee728b)
Start importing Assets/Scenes/sprites/ExampleTiles_50.asset using Guid(111e4c7793c810b44a58f81e9d269458) Importer(815301076,1909f56bfc062723c751e8b465ee728b)  -> (artifact id: 'fb64f552af5ecb9dc2cac190c93cfb3f') in 0.011438 seconds 
========================================================================
Received Import Request.
  Time since last request: 0.000025 seconds.
  path: Assets/Scenes/sprites/ExampleTiles_10.asset
  artifactKey: Guid(87e687e14311bb34c8f7ec8d802becc8) Importer(815301076,1909f56bfc062723c751e8b465ee728b)
Start importing Assets/Scenes/sprites/ExampleTiles_10.asset using Guid(87e687e14311bb34c8f7ec8d802becc8) Importer(815301076,1909f56bfc062723c751e8b465ee728b)  -> (artifact id: 'e529ddc4f18a8da2acbef2ebbdf6f08a') in 0.009679 seconds 
========================================================================
Received Import Request.
  Time since last request: 0.000026 seconds.
  path: Assets/Scenes/sprites/ExampleTiles_17.asset
  artifactKey: Guid(18e9d69ddd010f14a86c74d445558215) Importer(815301076,1909f56bfc062723c751e8b465ee728b)
Start importing Assets/Scenes/sprites/ExampleTiles_17.asset using Guid(18e9d69ddd010f14a86c74d445558215) Importer(815301076,1909f56bfc062723c751e8b465ee728b)  -> (artifact id: '3b62b0f28f7d27abb58afed4b1a83504') in 0.009982 seconds 
========================================================================
Received Import Request.
  Time since last request: 0.000021 seconds.
  path: Assets/Scenes/sprites/ExampleTiles_3.asset
  artifactKey: Guid(321546c449893f949a76c36114565ce0) Importer(815301076,1909f56bfc062723c751e8b465ee728b)
Start importing Assets/Scenes/sprites/ExampleTiles_3.asset using Guid(321546c449893f949a76c36114565ce0) Importer(815301076,1909f56bfc062723c751e8b465ee728b)  -> (artifact id: '87d074d696dbb2ce2d5c32be60cb7120') in 0.009522 seconds 
========================================================================
Received Import Request.
  Time since last request: 0.000022 seconds.
  path: Assets/Scenes/sprites/ExampleTiles_67.asset
  artifactKey: Guid(756a29045ea566f469ee914887e3e924) Importer(815301076,1909f56bfc062723c751e8b465ee728b)
Start importing Assets/Scenes/sprites/ExampleTiles_67.asset using Guid(756a29045ea566f469ee914887e3e924) Importer(815301076,1909f56bfc062723c751e8b465ee728b)  -> (artifact id: 'fbc7fe063a648cbb2f488bd7503a63c0') in 0.010166 seconds 
========================================================================
Received Import Request.
  Time since last request: 0.000024 seconds.
  path: Assets/Scenes/sprites/ExampleTiles_42.asset
  artifactKey: Guid(d44157ec7140ccb49bb01e74bb1c02eb) Importer(815301076,1909f56bfc062723c751e8b465ee728b)
Start importing Assets/Scenes/sprites/ExampleTiles_42.asset using Guid(d44157ec7140ccb49bb01e74bb1c02eb) Importer(815301076,1909f56bfc062723c751e8b465ee728b)  -> (artifact id: 'a8e546e4e6e06166c7285a3057b80560') in 0.009681 seconds 
========================================================================
Received Import Request.
  Time since last request: 0.000023 seconds.
  path: Assets/Scenes/sprites/ExampleTiles_15.asset
  artifactKey: Guid(f4e74249f4856b948b965f636424c9b4) Importer(815301076,1909f56bfc062723c751e8b465ee728b)
Start importing Assets/Scenes/sprites/ExampleTiles_15.asset using Guid(f4e74249f4856b948b965f636424c9b4) Importer(815301076,1909f56bfc062723c751e8b465ee728b)  -> (artifact id: '8f6f2ce2305c94e2bc33774f294972f9') in 0.013585 seconds 
========================================================================
Received Import Request.
  Time since last request: 0.000027 seconds.
  path: Assets/Scenes/sprites/ExampleTiles_29.asset
  artifactKey: Guid(b3831a6d0bccd0c44bb0a40b312b7f0b) Importer(815301076,1909f56bfc062723c751e8b465ee728b)
Start importing Assets/Scenes/sprites/ExampleTiles_29.asset using Guid(b3831a6d0bccd0c44bb0a40b312b7f0b) Importer(815301076,1909f56bfc062723c751e8b465ee728b)  -> (artifact id: '7d35473b0307f9f1732c1de1b9a485ee') in 0.013368 seconds 
========================================================================
Received Import Request.
  Time since last request: 0.000017 seconds.
  path: Assets/Scenes/sprites/ExampleTiles_26.asset
  artifactKey: Guid(1272613822ba759439878b49d31b77b5) Importer(815301076,1909f56bfc062723c751e8b465ee728b)
Start importing Assets/Scenes/sprites/ExampleTiles_26.asset using Guid(1272613822ba759439878b49d31b77b5) Importer(815301076,1909f56bfc062723c751e8b465ee728b)  -> (artifact id: 'd4552eb760b9145f0685579499886321') in 0.013659 seconds 
========================================================================
Received Import Request.
  Time since last request: 0.000024 seconds.
  path: Assets/Scenes/sprites/ExampleTiles_31.asset
  artifactKey: Guid(89fb78f1be71d404e8320bfe31838380) Importer(815301076,1909f56bfc062723c751e8b465ee728b)
Start importing Assets/Scenes/sprites/ExampleTiles_31.asset using Guid(89fb78f1be71d404e8320bfe31838380) Importer(815301076,1909f56bfc062723c751e8b465ee728b)  -> (artifact id: 'df90426630e83db8b1dcf995cfcc264a') in 0.012188 seconds 
========================================================================
Received Import Request.
  Time since last request: 0.000032 seconds.
  path: Assets/Scenes/sprites/ExampleTiles_58.asset
  artifactKey: Guid(902c2674c0dbbf94198389a5ec6e9cb1) Importer(815301076,1909f56bfc062723c751e8b465ee728b)
Start importing Assets/Scenes/sprites/ExampleTiles_58.asset using Guid(902c2674c0dbbf94198389a5ec6e9cb1) Importer(815301076,1909f56bfc062723c751e8b465ee728b)  -> (artifact id: '60fc62905fdfbd1f130a33158055e1e8') in 0.012500 seconds 
========================================================================
Received Import Request.
  Time since last request: 0.000017 seconds.
  path: Assets/Scenes/sprites/ExampleTiles_55.asset
  artifactKey: Guid(9e308a367b24e99448fa720c854dec95) Importer(815301076,1909f56bfc062723c751e8b465ee728b)
Start importing Assets/Scenes/sprites/ExampleTiles_55.asset using Guid(9e308a367b24e99448fa720c854dec95) Importer(815301076,1909f56bfc062723c751e8b465ee728b)  -> (artifact id: 'c04e3999225c42abb0ff96e0638d888c') in 0.013002 seconds 
========================================================================
Received Import Request.
  Time since last request: 0.000020 seconds.
  path: Assets/Scenes/sprites/ExampleTiles_12.asset
  artifactKey: Guid(292d34f0252af5c43bc0faf193f2b6c6) Importer(815301076,1909f56bfc062723c751e8b465ee728b)
Start importing Assets/Scenes/sprites/ExampleTiles_12.asset using Guid(292d34f0252af5c43bc0faf193f2b6c6) Importer(815301076,1909f56bfc062723c751e8b465ee728b)  -> (artifact id: 'b3d8c28b9410d7eed439531f2d491d9a') in 0.012547 seconds 
========================================================================
Received Import Request.
  Time since last request: 0.000021 seconds.
  path: Assets/Scenes/sprites/ExampleTiles_46.asset
  artifactKey: Guid(8911d4d0feb2d1541b30e30c7f7a66b6) Importer(815301076,1909f56bfc062723c751e8b465ee728b)
Start importing Assets/Scenes/sprites/ExampleTiles_46.asset using Guid(8911d4d0feb2d1541b30e30c7f7a66b6) Importer(815301076,1909f56bfc062723c751e8b465ee728b)  -> (artifact id: 'f6174c972f2f96b3ce89cc3c5aebe3b7') in 0.008799 seconds 
========================================================================
Received Import Request.
  Time since last request: 0.000015 seconds.
  path: Assets/Scenes/sprites/ExampleTiles_40.asset
  artifactKey: Guid(2744b38fcea833643836a4c06970e4f2) Importer(815301076,1909f56bfc062723c751e8b465ee728b)
Start importing Assets/Scenes/sprites/ExampleTiles_40.asset using Guid(2744b38fcea833643836a4c06970e4f2) Importer(815301076,1909f56bfc062723c751e8b465ee728b)  -> (artifact id: 'c59b1c501458276a9d8662588d6baba8') in 0.010329 seconds 
========================================================================
Received Import Request.
  Time since last request: 0.000023 seconds.
  path: Assets/Scenes/sprites/ExampleTiles_20.asset
  artifactKey: Guid(6850576d0d6f37a43bf0f0d8234a82bc) Importer(815301076,1909f56bfc062723c751e8b465ee728b)
Start importing Assets/Scenes/sprites/ExampleTiles_20.asset using Guid(6850576d0d6f37a43bf0f0d8234a82bc) Importer(815301076,1909f56bfc062723c751e8b465ee728b)  -> (artifact id: 'b4e54bc7c0714ac6128ff83876589f7c') in 0.010770 seconds 
========================================================================
Received Import Request.
  Time since last request: 0.000029 seconds.
  path: Assets/Scenes/sprites/ExampleTiles_27.asset
  artifactKey: Guid(9aa0fca4e0c54b641b5789481d5c6a4c) Importer(815301076,1909f56bfc062723c751e8b465ee728b)
Start importing Assets/Scenes/sprites/ExampleTiles_27.asset using Guid(9aa0fca4e0c54b641b5789481d5c6a4c) Importer(815301076,1909f56bfc062723c751e8b465ee728b)  -> (artifact id: '0a820374ac937e29599d5b26e3124894') in 0.010029 seconds 
========================================================================
Received Import Request.
  Time since last request: 0.000016 seconds.
  path: Assets/Scenes/sprites/ExampleTiles_36.asset
  artifactKey: Guid(372898aa801262c48beed49c728d70d4) Importer(815301076,1909f56bfc062723c751e8b465ee728b)
Start importing Assets/Scenes/sprites/ExampleTiles_36.asset using Guid(372898aa801262c48beed49c728d70d4) Importer(815301076,1909f56bfc062723c751e8b465ee728b)  -> (artifact id: 'ddd3b8d3a3fbf1de2bb18977bcc698e9') in 0.011103 seconds 
========================================================================
Received Import Request.
  Time since last request: 0.000015 seconds.
  path: Assets/Scenes/sprites/ExampleTiles_74.asset
  artifactKey: Guid(a02bb734bf0d84b4f8c8180476c928dd) Importer(815301076,1909f56bfc062723c751e8b465ee728b)
Start importing Assets/Scenes/sprites/ExampleTiles_74.asset using Guid(a02bb734bf0d84b4f8c8180476c928dd) Importer(815301076,1909f56bfc062723c751e8b465ee728b)  -> (artifact id: '1d28f91a66a00666e3d5bf0ae6c68e0d') in 0.010688 seconds 
========================================================================
Received Import Request.
  Time since last request: 0.000020 seconds.
  path: Assets/Scenes/sprites/ExampleTiles_37.asset
  artifactKey: Guid(9e29c419da6472a47869001ee86219c8) Importer(815301076,1909f56bfc062723c751e8b465ee728b)
Start importing Assets/Scenes/sprites/ExampleTiles_37.asset using Guid(9e29c419da6472a47869001ee86219c8) Importer(815301076,1909f56bfc062723c751e8b465ee728b)  -> (artifact id: 'd6996228cb68457ec42afe9dbc935b07') in 0.009376 seconds 
========================================================================
Received Import Request.
  Time since last request: 0.000020 seconds.
  path: Assets/Scenes/sprites/ExampleTiles_41.asset
  artifactKey: Guid(04030fc44ef4b924890196cb08b72ade) Importer(815301076,1909f56bfc062723c751e8b465ee728b)
Start importing Assets/Scenes/sprites/ExampleTiles_41.asset using Guid(04030fc44ef4b924890196cb08b72ade) Importer(815301076,1909f56bfc062723c751e8b465ee728b)  -> (artifact id: 'd5d0e1f609d763d4a7c6485a379459f3') in 0.012169 seconds 
========================================================================
Received Import Request.
  Time since last request: 0.000018 seconds.
  path: Assets/Scenes/sprites/ExampleTiles_69.asset
  artifactKey: Guid(1e5d5be21bac4624982656d6831f2045) Importer(815301076,1909f56bfc062723c751e8b465ee728b)
Start importing Assets/Scenes/sprites/ExampleTiles_69.asset using Guid(1e5d5be21bac4624982656d6831f2045) Importer(815301076,1909f56bfc062723c751e8b465ee728b)  -> (artifact id: 'ef1d216390c0f845cb494d26c6fa7a10') in 0.010210 seconds 
========================================================================
Received Import Request.
  Time since last request: 0.000016 seconds.
  path: Assets/Scenes/sprites/ExampleTiles_34.asset
  artifactKey: Guid(c4fd35cf21a5e9249aceab4b3902f9f5) Importer(815301076,1909f56bfc062723c751e8b465ee728b)
Start importing Assets/Scenes/sprites/ExampleTiles_34.asset using Guid(c4fd35cf21a5e9249aceab4b3902f9f5) Importer(815301076,1909f56bfc062723c751e8b465ee728b)  -> (artifact id: '0a68d2448f79fdf3628b50d529592d10') in 0.010108 seconds 
========================================================================
Received Import Request.
  Time since last request: 0.000036 seconds.
  path: Assets/Scenes/sprites/ExampleTiles_45.asset
  artifactKey: Guid(0792ac2d11b34a444828c56078ee01e4) Importer(815301076,1909f56bfc062723c751e8b465ee728b)
Start importing Assets/Scenes/sprites/ExampleTiles_45.asset using Guid(0792ac2d11b34a444828c56078ee01e4) Importer(815301076,1909f56bfc062723c751e8b465ee728b)  -> (artifact id: 'a17338d0315c7901f06b11f10a0c305b') in 0.009580 seconds 
========================================================================
Received Import Request.
  Time since last request: 0.000023 seconds.
  path: Assets/Scenes/sprites/ExampleTiles_16.asset
  artifactKey: Guid(b2e6d65942903064bb4ad05202be7e2b) Importer(815301076,1909f56bfc062723c751e8b465ee728b)
Start importing Assets/Scenes/sprites/ExampleTiles_16.asset using Guid(b2e6d65942903064bb4ad05202be7e2b) Importer(815301076,1909f56bfc062723c751e8b465ee728b)  -> (artifact id: '9bee96e2e291abef17c8b1619edb065e') in 0.009715 seconds 
========================================================================
Received Import Request.
  Time since last request: 0.000023 seconds.
  path: Assets/Scenes/sprites/ExampleTiles_44.asset
  artifactKey: Guid(0f1293a2f073b0543ab25e38b17c1351) Importer(815301076,1909f56bfc062723c751e8b465ee728b)
Start importing Assets/Scenes/sprites/ExampleTiles_44.asset using Guid(0f1293a2f073b0543ab25e38b17c1351) Importer(815301076,1909f56bfc062723c751e8b465ee728b)  -> (artifact id: 'd661c4ee777a4e3d5719f50f84c6a7ed') in 0.010692 seconds 
========================================================================
Received Import Request.
  Time since last request: 0.000028 seconds.
  path: Assets/Scenes/sprites/ExampleTiles_53.asset
  artifactKey: Guid(8dde362a7aeba654c9cd26d86a8e4231) Importer(815301076,1909f56bfc062723c751e8b465ee728b)
Start importing Assets/Scenes/sprites/ExampleTiles_53.asset using Guid(8dde362a7aeba654c9cd26d86a8e4231) Importer(815301076,1909f56bfc062723c751e8b465ee728b)  -> (artifact id: 'f8a41eb577b3ec51b4a7135ee669cd17') in 0.015020 seconds 
========================================================================
Received Import Request.
  Time since last request: 0.000025 seconds.
  path: Assets/Scenes/sprites/ExampleTiles_28.asset
  artifactKey: Guid(617fd07506abe594684aef1021b15444) Importer(815301076,1909f56bfc062723c751e8b465ee728b)
Start importing Assets/Scenes/sprites/ExampleTiles_28.asset using Guid(617fd07506abe594684aef1021b15444) Importer(815301076,1909f56bfc062723c751e8b465ee728b)  -> (artifact id: 'c518afae9b84c3c8c96d58338c617bbe') in 0.009869 seconds 
========================================================================
Received Import Request.
  Time since last request: 0.000020 seconds.
  path: Assets/Scenes/sprites/ExampleTiles_4.asset
  artifactKey: Guid(37c956d169cbc8d418edb3d211bd1e6f) Importer(815301076,1909f56bfc062723c751e8b465ee728b)
Start importing Assets/Scenes/sprites/ExampleTiles_4.asset using Guid(37c956d169cbc8d418edb3d211bd1e6f) Importer(815301076,1909f56bfc062723c751e8b465ee728b)  -> (artifact id: '4a9b5a3a510fe5484f31445207d3c29d') in 0.010273 seconds 
========================================================================
Received Import Request.
  Time since last request: 0.000030 seconds.
  path: Assets/Scenes/sprites/ExampleTiles_13.asset
  artifactKey: Guid(b639f7d382dd55d4c8141cd5e1ce1c1d) Importer(815301076,1909f56bfc062723c751e8b465ee728b)
Start importing Assets/Scenes/sprites/ExampleTiles_13.asset using Guid(b639f7d382dd55d4c8141cd5e1ce1c1d) Importer(815301076,1909f56bfc062723c751e8b465ee728b)  -> (artifact id: '2009bc353547e66a5d5ab4eb98d842d6') in 0.012016 seconds 
========================================================================
Received Import Request.
  Time since last request: 0.000038 seconds.
  path: Assets/Scenes/sprites/ExampleTiles_2.asset
  artifactKey: Guid(d3f69813fb69b8d4b8a42c76372e091b) Importer(815301076,1909f56bfc062723c751e8b465ee728b)
Start importing Assets/Scenes/sprites/ExampleTiles_2.asset using Guid(d3f69813fb69b8d4b8a42c76372e091b) Importer(815301076,1909f56bfc062723c751e8b465ee728b)  -> (artifact id: '944af7a117d97ce7ec4d0979c071c05f') in 0.010188 seconds 
========================================================================
Received Import Request.
  Time since last request: 0.000070 seconds.
  path: Assets/Scenes/sprites/ExampleTiles_11.asset
  artifactKey: Guid(576d605f499ad3b49ba902dbf76cd872) Importer(815301076,1909f56bfc062723c751e8b465ee728b)
Start importing Assets/Scenes/sprites/ExampleTiles_11.asset using Guid(576d605f499ad3b49ba902dbf76cd872) Importer(815301076,1909f56bfc062723c751e8b465ee728b)  -> (artifact id: 'da8275d73cc8eed868d336123f387809') in 0.009328 seconds 
